[2025-12-11 12:46:58] [INFO] [Thread-0] Server waiting for client...
[2025-12-11 12:47:42] [INFO] [Thread-0] Server waiting for client...
[2025-12-11 12:47:47] [INFO] [Thread-0] Client accepted successfully!
[2025-12-11 12:47:47] [INFO] [Thread-1] Handling client
[2025-12-11 12:47:50] [DEBUG] [Thread-1] Received params: rows=10 cols=10 threads=2
[2025-12-11 12:47:50] [INFO] [Thread-1] Client disconnected
[2025-12-11 12:55:16] [INFO] [Thread-0] Server waiting for client...
[2025-12-11 12:56:19] [INFO] [Thread-0] Server waiting for client...
[2025-12-11 12:56:22] [INFO] [Thread-0] Client accepted successfully!
[2025-12-11 12:56:22] [INFO] [Thread-1] Handling client
[2025-12-11 12:56:37] [DEBUG] [Thread-1] Received params: rows=10000 cols=100 threads=2
[2025-12-11 12:56:37] [INFO] [Thread-1] Client disconnected
[2025-12-11 13:00:31] [INFO] [Thread-0] Server waiting for client...
[2025-12-11 13:00:33] [INFO] [Thread-0] Client accepted successfully!
[2025-12-11 13:00:33] [INFO] [Thread-1] Handling client
[2025-12-11 13:00:37] [DEBUG] [Thread-1] Received params: rows=10 cols=10 threads=2
[2025-12-11 13:00:37] [INFO] [Thread-1] Client disconnected
[2025-12-11 13:00:43] [INFO] [Thread-0] Server waiting for client...
[2025-12-11 13:00:48] [INFO] [Thread-0] Client accepted successfully!
[2025-12-11 13:00:48] [INFO] [Thread-1] Handling client
[2025-12-11 13:00:52] [DEBUG] [Thread-1] Received params: rows=10 cols=20 threads=30
[2025-12-11 13:00:52] [INFO] [Thread-1] Client disconnected
[2025-12-11 13:01:18] [INFO] [Thread-0] Client accepted successfully!
[2025-12-11 13:01:18] [INFO] [Thread-2] Handling client
[2025-12-11 13:01:19] [DEBUG] [Thread-2] Received params: rows=0 cols=21 threads=0
[2025-12-11 13:01:42] [INFO] [Thread-0] Server waiting for client...
[2025-12-11 13:01:46] [INFO] [Thread-0] Client accepted successfully!
[2025-12-11 13:01:46] [INFO] [Thread-1] Handling client
[2025-12-11 13:01:49] [DEBUG] [Thread-1] Received params: rows=10 cols=10 threads=2
[2025-12-11 13:01:49] [INFO] [Thread-1] Client disconnected
[2025-12-11 13:02:24] [INFO] [Thread-0] Server waiting for client...
[2025-12-11 13:02:38] [INFO] [Thread-0] Server waiting for client...
[2025-12-11 13:02:40] [INFO] [Thread-0] Client accepted successfully!
[2025-12-11 13:02:40] [INFO] [Thread-1] Handling client
[2025-12-11 13:02:46] [DEBUG] [Thread-1] Received params: rows=100 cols=100 threads=2
[2025-12-11 13:02:46] [INFO] [Thread-1] Client disconnected
[2025-12-11 13:04:06] [INFO] [Thread-0] Server waiting for client...
[2025-12-11 13:04:09] [INFO] [Thread-0] Client accepted successfully!
[2025-12-11 13:04:09] [INFO] [Thread-1] Handling client
[2025-12-11 13:04:14] [DEBUG] [Thread-1] Received params: rows=100 cols=10000 threads=4
[2025-12-11 13:04:14] [INFO] [Thread-1] Client disconnected
[2025-12-11 16:48:19] [INFO] [Thread-0] Server waiting for client...
[2025-12-11 16:48:25] [INFO] [Thread-0] Client accepted successfully!
[2025-12-11 16:48:25] [INFO] [Thread-1] Handling client
[2025-12-11 16:48:28] [INFO] [Thread-0] Client accepted successfully!
[2025-12-11 16:48:28] [INFO] [Thread-2] Handling client
[2025-12-11 16:48:31] [INFO] [Thread-0] Client accepted successfully!
[2025-12-11 16:48:31] [INFO] [Thread-3] Handling client
[2025-12-11 16:48:39] [DEBUG] [Thread-1] Received params: rows=100 cols=100 threads=2
[2025-12-11 16:48:39] [INFO] [Thread-1] Client disconnected
[2025-12-11 16:48:47] [DEBUG] [Thread-2] Received params: rows=10000 cols=1000 threads=3
[2025-12-11 16:48:47] [INFO] [Thread-2] Client disconnected
[2025-12-11 16:49:04] [DEBUG] [Thread-3] Received params: rows=100 cols=100000 threads=4
[2025-12-11 16:49:04] [INFO] [Thread-3] Client disconnected
[2025-12-11 16:49:31] [INFO] [Thread-0] Client accepted successfully!
[2025-12-11 16:49:31] [INFO] [Thread-4] Handling client
[2025-12-11 16:49:39] [INFO] [Thread-0] Client accepted successfully!
[2025-12-11 16:49:39] [INFO] [Thread-5] Handling client
[2025-12-11 16:49:57] [DEBUG] [Thread-5] Received params: rows=0 cols=21 threads=0
[2025-12-11 16:50:32] [INFO] [Thread-0] Server waiting for client...
[2025-12-11 16:50:33] [INFO] [Thread-0] Client accepted successfully!
[2025-12-11 16:50:33] [INFO] [Thread-1] Handling client
[2025-12-11 16:50:38] [ERROR] [Thread-1] Failed to receive parameters from client
[2025-12-11 16:51:01] [INFO] [Thread-0] Server waiting for client...
[2025-12-11 16:51:02] [INFO] [Thread-0] Client accepted successfully!
[2025-12-11 16:51:02] [INFO] [Thread-1] Handling client
[2025-12-11 16:51:05] [DEBUG] [Thread-1] Received params: rows=0 cols=21 threads=0
[2025-12-11 17:00:34] [INFO] [Thread-0] Server waiting for client...
[2025-12-11 17:00:36] [INFO] [Thread-0] Client accepted successfully!
[2025-12-11 17:00:36] [INFO] [Thread-1] Handling client
[2025-12-11 17:00:39] [ERROR] [Thread-1] Failed to receive parameters from client
[2025-12-11 17:00:57] [INFO] [Thread-0] Client accepted successfully!
[2025-12-11 17:00:57] [INFO] [Thread-2] Handling client
[2025-12-11 17:01:03] [ERROR] [Thread-2] Failed to receive parameters from client
[2025-12-11 17:01:08] [INFO] [Thread-0] Client accepted successfully!
[2025-12-11 17:01:08] [INFO] [Thread-3] Handling client
[2025-12-11 17:01:10] [ERROR] [Thread-3] Failed to receive parameters from client
[2025-12-11 17:02:11] [INFO] [Thread-0] Server waiting for client...
[2025-12-11 17:02:11] [INFO] [Thread-0] Client accepted successfully!
[2025-12-11 17:02:11] [INFO] [Thread-1] Handling client
[2025-12-11 17:02:16] [ERROR] [Thread-1] Failed to receive parameters from client
[2025-12-11 17:02:48] [ERROR] [Thread-0] Bind failed
[2025-12-11 17:02:49] [INFO] [Thread-0] Client accepted successfully!
[2025-12-11 17:02:49] [INFO] [Thread-2] Handling client
[2025-12-11 17:03:08] [ERROR] [Thread-2] Failed to receive parameters from client
[2025-12-11 17:04:43] [INFO] [Thread-0] Server waiting for client...
[2025-12-11 17:04:43] [INFO] [Thread-0] Client accepted successfully!
[2025-12-11 17:04:43] [INFO] [Thread-1] Handling client
[2025-12-11 17:04:53] [DEBUG] [Thread-1] Received params: rows=10 cols=20 threads=5
[2025-12-11 17:04:53] [INFO] [Thread-1] Client disconnected
[2025-12-11 17:05:22] [INFO] [Thread-0] Client accepted successfully!
[2025-12-11 17:05:22] [INFO] [Thread-2] Handling client
[2025-12-11 17:05:27] [ERROR] [Thread-2] Failed to receive parameters from client
[2025-12-11 17:05:29] [INFO] [Thread-0] Client accepted successfully!
[2025-12-11 17:05:29] [INFO] [Thread-3] Handling client
[2025-12-11 17:05:33] [ERROR] [Thread-3] Failed to receive parameters from client
[2025-12-11 17:05:34] [INFO] [Thread-0] Client accepted successfully!
[2025-12-11 17:05:34] [INFO] [Thread-4] Handling client
[2025-12-11 17:05:41] [DEBUG] [Thread-4] Received params: rows=100000 cols=100000 threads=2
[2025-12-11 17:07:12] [INFO] [Thread-0] Server waiting for client...
[2025-12-11 17:07:13] [INFO] [Thread-0] Client accepted successfully!
[2025-12-11 17:07:13] [INFO] [Thread-1] Handling client
[2025-12-11 17:07:17] [DEBUG] [Thread-1] Received params: rows=-3 cols=-4 threads=10
[2025-12-11 17:07:17] [INFO] [Thread-1] Client disconnected
[2025-12-11 17:07:24] [INFO] [Thread-0] Client accepted successfully!
[2025-12-11 17:07:24] [INFO] [Thread-2] Handling client
[2025-12-11 17:07:28] [DEBUG] [Thread-2] Received params: rows=100 cols=200 threads=-3
[2025-12-11 17:07:28] [INFO] [Thread-2] Client disconnected
[2025-12-11 17:07:40] [INFO] [Thread-0] Client accepted successfully!
[2025-12-11 17:07:40] [INFO] [Thread-3] Handling client
[2025-12-11 17:07:45] [DEBUG] [Thread-3] Received params: rows=10000 cols=10000 threads=-3
[2025-12-11 17:07:45] [INFO] [Thread-3] Client disconnected
[2025-12-11 17:10:59] [INFO] [Thread-0] Server waiting for client...
[2025-12-11 17:11:00] [INFO] [Thread-0] Client accepted successfully!
[2025-12-11 17:11:00] [INFO] [Thread-1] Handling client
[2025-12-11 17:11:05] [ERROR] [Thread-1] Received invalid parameters: rows=-3 cols=203 threads=3
[2025-12-11 17:11:20] [INFO] [Thread-0] Client accepted successfully!
[2025-12-11 17:11:20] [INFO] [Thread-2] Handling client
[2025-12-11 17:11:24] [DEBUG] [Thread-2] Received params: rows=1000 cols=1000 threads=3
[2025-12-11 17:11:24] [INFO] [Thread-2] Client disconnected
[2025-12-11 17:11:31] [INFO] [Thread-0] Client accepted successfully!
[2025-12-11 17:11:31] [INFO] [Thread-3] Handling client
[2025-12-11 17:11:37] [DEBUG] [Thread-3] Received params: rows=100000 cols=100000 threads=3
[2025-12-11 17:26:58] [INFO] [Thread-0] Server waiting for client...
[2025-12-11 17:26:59] [INFO] [Thread-0] Client accepted successfully!
[2025-12-11 17:26:59] [INFO] [Thread-1] Handling client
[2025-12-11 17:27:05] [DEBUG] [Thread-1] Received params: rows=202 cols=202 threads=3
[2025-12-11 17:27:05] [INFO] [Thread-1] Client disconnected
[2025-12-11 17:27:13] [INFO] [Thread-0] Client accepted successfully!
[2025-12-11 17:27:13] [INFO] [Thread-2] Handling client
[2025-12-11 17:27:16] [ERROR] [Thread-2] Received invalid parameters: rows=300 cols=-3 threads=0
[2025-12-11 17:27:20] [INFO] [Thread-0] Client accepted successfully!
[2025-12-11 17:27:20] [INFO] [Thread-3] Handling client
[2025-12-11 17:27:33] [ERROR] [Thread-3] Received invalid parameters: rows=-3 cols=-3 threads=-3
[2025-12-11 17:27:44] [INFO] [Thread-0] Client accepted successfully!
[2025-12-11 17:27:44] [INFO] [Thread-4] Handling client
[2025-12-11 17:27:54] [ERROR] [Thread-4] Matrix too large, rejecting request
[2025-12-11 17:28:01] [INFO] [Thread-0] Client accepted successfully!
[2025-12-11 17:28:01] [INFO] [Thread-5] Handling client
[2025-12-11 17:28:05] [DEBUG] [Thread-5] Received params: rows=10000 cols=10000 threads=20
[2025-12-11 17:28:05] [INFO] [Thread-5] Client disconnected
[2025-12-11 17:28:10] [INFO] [Thread-0] Client accepted successfully!
[2025-12-11 17:28:10] [INFO] [Thread-6] Handling client
[2025-12-11 17:28:16] [ERROR] [Thread-6] Matrix too large, rejecting request
[2025-12-11 17:28:21] [INFO] [Thread-0] Client accepted successfully!
[2025-12-11 17:28:21] [INFO] [Thread-7] Handling client
[2025-12-11 17:28:25] [DEBUG] [Thread-7] Thread count capped from 20000 to 20
[2025-12-11 17:28:25] [DEBUG] [Thread-7] Received params: rows=10000 cols=10000 threads=20
[2025-12-11 17:28:26] [INFO] [Thread-7] Client disconnected
[2025-12-11 17:28:40] [INFO] [Thread-0] Client accepted successfully!
[2025-12-11 17:28:40] [INFO] [Thread-8] Handling client
[2025-12-11 17:28:47] [DEBUG] [Thread-8] Received params: rows=10000 cols=10000 threads=2
[2025-12-11 17:28:47] [INFO] [Thread-8] Client disconnected
[2025-12-11 17:28:54] [INFO] [Thread-0] Client accepted successfully!
[2025-12-11 17:28:54] [INFO] [Thread-1] Handling client
[2025-12-11 17:29:00] [DEBUG] [Thread-1] Received params: rows=10000 cols=10000 threads=2
[2025-12-11 17:29:00] [INFO] [Thread-1] Client disconnected
[2025-12-11 17:29:08] [INFO] [Thread-0] Client accepted successfully!
[2025-12-11 17:29:08] [INFO] [Thread-2] Handling client
[2025-12-11 17:29:14] [DEBUG] [Thread-2] Received params: rows=10000 cols=10000 threads=2
[2025-12-11 17:29:15] [INFO] [Thread-2] Client disconnected
[2025-12-11 17:29:24] [INFO] [Thread-0] Client accepted successfully!
[2025-12-11 17:30:06] [INFO] [Thread-3] Handling client
[2025-12-11 17:30:06] [ERROR] [Thread-3] Failed to receive parameters from client
[2025-12-11 17:30:06] [INFO] [Thread-0] Client accepted successfully!
[2025-12-11 17:30:06] [INFO] [Thread-4] Handling client
[2025-12-11 17:30:06] [ERROR] [Thread-4] Failed to receive parameters from client
[2025-12-11 17:31:33] [INFO] [Thread-0] Server waiting for client...
[2025-12-11 17:31:34] [INFO] [Thread-0] Client accepted successfully!
[2025-12-11 17:31:34] [INFO] [Thread-1] Handling client
[2025-12-11 17:31:38] [ERROR] [Thread-1] Matrix too large, rejecting request
[2025-12-11 17:31:41] [INFO] [Thread-0] Client accepted successfully!
[2025-12-11 17:31:41] [INFO] [Thread-2] Handling client
[2025-12-11 17:31:45] [DEBUG] [Thread-2] Received params: rows=10000 cols=10000 threads=2
[2025-12-11 17:31:45] [INFO] [Thread-2] Client disconnected
[2025-12-11 17:31:48] [INFO] [Thread-0] Client accepted successfully!
[2025-12-11 17:31:48] [INFO] [Thread-3] Handling client
[2025-12-11 17:31:54] [DEBUG] [Thread-3] Received params: rows=10000 cols=10000 threads=2
[2025-12-11 17:31:55] [INFO] [Thread-3] Client disconnected
[2025-12-11 17:31:59] [INFO] [Thread-0] Client accepted successfully!
[2025-12-11 17:31:59] [INFO] [Thread-4] Handling client
[2025-12-11 17:32:01] [DEBUG] [Thread-4] Received params: rows=100 cols=100 threads=2
[2025-12-11 17:32:01] [INFO] [Thread-4] Client disconnected
[2025-12-11 17:39:13] [INFO] [Thread-0] Client accepted successfully!
[2025-12-11 17:39:13] [INFO] [Thread-5] Handling client
[2025-12-11 17:39:18] [DEBUG] [Thread-5] Received params: rows=10000 cols=10000 threads=2
[2025-12-11 17:39:19] [INFO] [Thread-5] Client disconnected
[2025-12-11 17:39:22] [INFO] [Thread-0] Client accepted successfully!
[2025-12-11 17:39:22] [INFO] [Thread-6] Handling client
[2025-12-11 17:39:27] [DEBUG] [Thread-6] Received params: rows=10000 cols=10000 threads=1
[2025-12-11 17:39:27] [INFO] [Thread-6] Client disconnected
[2025-12-11 17:39:31] [INFO] [Thread-0] Client accepted successfully!
[2025-12-11 17:39:31] [INFO] [Thread-7] Handling client
[2025-12-11 17:39:34] [DEBUG] [Thread-7] Received params: rows=10000 cols=10000 threads=1
[2025-12-11 17:39:34] [INFO] [Thread-7] Client disconnected
[2025-12-11 17:39:43] [INFO] [Thread-0] Client accepted successfully!
[2025-12-11 17:39:43] [INFO] [Thread-8] Handling client
[2025-12-11 17:39:51] [DEBUG] [Thread-8] Thread count capped from 10000 to 20
[2025-12-11 17:39:51] [DEBUG] [Thread-8] Received params: rows=100 cols=22 threads=20
[2025-12-11 17:39:51] [INFO] [Thread-8] Client disconnected
[2025-12-11 17:41:08] [INFO] [Thread-0] Server waiting for client...
[2025-12-11 17:41:10] [INFO] [Thread-0] Client accepted successfully!
[2025-12-11 17:41:10] [INFO] [Thread-1] Handling client
[2025-12-11 17:41:18] [DEBUG] [Thread-1] Received params: rows=10000 cols=10000 threads=4
[2025-12-11 17:41:18] [INFO] [Thread-1] Client disconnected
[2025-12-11 17:45:30] [INFO] [Thread-0] Server waiting for client...
[2025-12-11 17:45:30] [INFO] [Thread-0] Client accepted successfully!
[2025-12-11 17:45:30] [INFO] [Thread-1] Handling client
[2025-12-11 17:45:53] [DEBUG] [Thread-1] Received params: rows=10000 cols=10000 threads=8
[2025-12-11 17:45:53] [INFO] [Thread-1] Client disconnected
[2025-12-11 17:46:06] [INFO] [Thread-0] Client accepted successfully!
[2025-12-11 17:46:06] [INFO] [Thread-2] Handling client
[2025-12-11 17:46:10] [DEBUG] [Thread-2] Received params: rows=10000 cols=10000 threads=8
[2025-12-11 17:46:11] [INFO] [Thread-2] Client disconnected
[2025-12-11 17:46:15] [INFO] [Thread-0] Client accepted successfully!
[2025-12-11 17:46:15] [INFO] [Thread-3] Handling client
[2025-12-11 17:46:19] [DEBUG] [Thread-3] Received params: rows=10000 cols=1000 threads=4
[2025-12-11 17:46:19] [INFO] [Thread-3] Client disconnected
